==43817== Memcheck, a memory error detector
==43817== Copyright (C) 2002-2022, and GNU GPL'd, by Julian Seward et al.
==43817== Using Valgrind-3.21.0.GIT-lbmacos and LibVEX; rerun with -h for copyright info
==43817== Command: ./client 43541 1057238002727145052452080810484838655811982990687211656539098361700373063795353432213466485047431711
==43817== Parent PID: 19325
==43817== 
==43817== Warning: ignored attempt to set SIGUSR2 handler in sigaction();
==43817==          the SIGUSR2 signal is used internally by Valgrind
==43817== 
==43817== HEAP SUMMARY:
==43817==     in use at exit: 13,976 bytes in 161 blocks
==43817==   total heap usage: 175 allocs, 14 frees, 18,720 bytes allocated
==43817== 
==43817== 32 bytes in 1 blocks are definitely lost in loss record 13 of 40
==43817==    at 0x100124BA0: calloc (in /System/Volumes/Data/sgoinfre/goinfre/Perso/nimai/homebrew/Cellar/valgrind/HEAD-4233f2e/libexec/valgrind/vgpreload_memcheck-amd64-darwin.so)
==43817==    by 0x1006FC5F3: objc::DenseMap<objc_class*, objc_class*, objc::DenseMapValueInfo<objc_class*>, objc::DenseMapInfo<objc_class*>, objc::detail::DenseMapPair<objc_class*, objc_class*> >::grow(unsigned int) (in /usr/lib/libobjc.A.dylib)
==43817==    by 0x1006FC69F: objc_class::mangledName() (in /usr/lib/libobjc.A.dylib)
==43817==    by 0x1006E8406: objc_opt::objc_stringhash_t::getIndex(char const*) const (in /usr/lib/libobjc.A.dylib)
==43817==    by 0x1006F82D0: unmap_image (in /usr/lib/libobjc.A.dylib)
==43817==    by 0x100015667: dyld::notifyBatchPartial(dyld_image_states, bool, char const* (*)(dyld_image_states, unsigned int, dyld_image_info const*), bool, bool) (in /usr/lib/dyld)
==43817==    by 0x100015808: dyld::registerObjCNotifiers(void (*)(unsigned int, char const* const*, mach_header const* const*), void (*)(char const*, mach_header const*), void (*)(char const*, mach_header const*)) (in /usr/lib/dyld)
==43817==    by 0x1002C1AD0: _dyld_objc_notify_register (in /usr/lib/system/libdyld.dylib)
==43817==    by 0x1006E6DAF: map_images_nolock (in /usr/lib/libobjc.A.dylib)
==43817==    by 0x100243F38: _os_object_init (in /usr/lib/system/libdispatch.dylib)
==43817==    by 0x1002500E7: libdispatch_init (in /usr/lib/system/libdispatch.dylib)
==43817==    by 0x100133790: libSystem_initializer (in /usr/lib/libSystem.B.dylib)
==43817== 
==43817== 32 bytes in 1 blocks are definitely lost in loss record 14 of 40
==43817==    at 0x100124BA0: calloc (in /System/Volumes/Data/sgoinfre/goinfre/Perso/nimai/homebrew/Cellar/valgrind/HEAD-4233f2e/libexec/valgrind/vgpreload_memcheck-amd64-darwin.so)
==43817==    by 0x1006FC5F3: objc::DenseMap<objc_class*, objc_class*, objc::DenseMapValueInfo<objc_class*>, objc::DenseMapInfo<objc_class*>, objc::detail::DenseMapPair<objc_class*, objc_class*> >::grow(unsigned int) (in /usr/lib/libobjc.A.dylib)
==43817==    by 0x1006FC6C6: objc_class::mangledName() (in /usr/lib/libobjc.A.dylib)
==43817==    by 0x1006FC69F: objc_class::mangledName() (in /usr/lib/libobjc.A.dylib)
==43817==    by 0x1006E8406: objc_opt::objc_stringhash_t::getIndex(char const*) const (in /usr/lib/libobjc.A.dylib)
==43817==    by 0x1006F82D0: unmap_image (in /usr/lib/libobjc.A.dylib)
==43817==    by 0x100015667: dyld::notifyBatchPartial(dyld_image_states, bool, char const* (*)(dyld_image_states, unsigned int, dyld_image_info const*), bool, bool) (in /usr/lib/dyld)
==43817==    by 0x100015808: dyld::registerObjCNotifiers(void (*)(unsigned int, char const* const*, mach_header const* const*), void (*)(char const*, mach_header const*), void (*)(char const*, mach_header const*)) (in /usr/lib/dyld)
==43817==    by 0x1002C1AD0: _dyld_objc_notify_register (in /usr/lib/system/libdyld.dylib)
==43817==    by 0x1006E6DAF: map_images_nolock (in /usr/lib/libobjc.A.dylib)
==43817==    by 0x100243F38: _os_object_init (in /usr/lib/system/libdispatch.dylib)
==43817==    by 0x1002500E7: libdispatch_init (in /usr/lib/system/libdispatch.dylib)
==43817== 
==43817== 64 bytes in 1 blocks are indirectly lost in loss record 19 of 40
==43817==    at 0x100124545: malloc (in /System/Volumes/Data/sgoinfre/goinfre/Perso/nimai/homebrew/Cellar/valgrind/HEAD-4233f2e/libexec/valgrind/vgpreload_memcheck-amd64-darwin.so)
==43817==    by 0x1003E0FB5: _owned_ptr_alloc (in /usr/lib/system/libsystem_c.dylib)
==43817==    by 0x1003E1675: setenv (in /usr/lib/system/libsystem_c.dylib)
==43817==    by 0x100683346: _libxpc_initializer (in /usr/lib/system/libxpc.dylib)
==43817==    by 0x1001337A0: libSystem_initializer (in /usr/lib/libSystem.B.dylib)
==43817==    by 0x10002B352: ImageLoaderMachO::doModInitFunctions(ImageLoader::LinkContext const&) (in /usr/lib/dyld)
==43817==    by 0x10002B75D: ImageLoaderMachO::doInitialization(ImageLoader::LinkContext const&) (in /usr/lib/dyld)
==43817==    by 0x10002617A: ImageLoader::recursiveInitialization(ImageLoader::LinkContext const&, unsigned int, char const*, ImageLoader::InitializerTimingList&, ImageLoader::UninitedUpwards&) (in /usr/lib/dyld)
==43817==    by 0x1000260E5: ImageLoader::recursiveInitialization(ImageLoader::LinkContext const&, unsigned int, char const*, ImageLoader::InitializerTimingList&, ImageLoader::UninitedUpwards&) (in /usr/lib/dyld)
==43817==    by 0x100024233: ImageLoader::processInitializers(ImageLoader::LinkContext const&, unsigned int, ImageLoader::InitializerTimingList&, ImageLoader::UninitedUpwards&) (in /usr/lib/dyld)
==43817==    by 0x1000242D3: ImageLoader::runInitializers(ImageLoader::LinkContext const&, ImageLoader::InitializerTimingList&) (in /usr/lib/dyld)
==43817==    by 0x100012661: dyld::initializeMainExecutable() (in /usr/lib/dyld)
==43817== 
==43817== 80 (16 direct, 64 indirect) bytes in 1 blocks are definitely lost in loss record 20 of 40
==43817==    at 0x100124545: malloc (in /System/Volumes/Data/sgoinfre/goinfre/Perso/nimai/homebrew/Cellar/valgrind/HEAD-4233f2e/libexec/valgrind/vgpreload_memcheck-amd64-darwin.so)
==43817==    by 0x1003E0FA3: _owned_ptr_alloc (in /usr/lib/system/libsystem_c.dylib)
==43817==    by 0x1003E1675: setenv (in /usr/lib/system/libsystem_c.dylib)
==43817==    by 0x100683346: _libxpc_initializer (in /usr/lib/system/libxpc.dylib)
==43817==    by 0x1001337A0: libSystem_initializer (in /usr/lib/libSystem.B.dylib)
==43817==    by 0x10002B352: ImageLoaderMachO::doModInitFunctions(ImageLoader::LinkContext const&) (in /usr/lib/dyld)
==43817==    by 0x10002B75D: ImageLoaderMachO::doInitialization(ImageLoader::LinkContext const&) (in /usr/lib/dyld)
==43817==    by 0x10002617A: ImageLoader::recursiveInitialization(ImageLoader::LinkContext const&, unsigned int, char const*, ImageLoader::InitializerTimingList&, ImageLoader::UninitedUpwards&) (in /usr/lib/dyld)
==43817==    by 0x1000260E5: ImageLoader::recursiveInitialization(ImageLoader::LinkContext const&, unsigned int, char const*, ImageLoader::InitializerTimingList&, ImageLoader::UninitedUpwards&) (in /usr/lib/dyld)
==43817==    by 0x100024233: ImageLoader::processInitializers(ImageLoader::LinkContext const&, unsigned int, ImageLoader::InitializerTimingList&, ImageLoader::UninitedUpwards&) (in /usr/lib/dyld)
==43817==    by 0x1000242D3: ImageLoader::runInitializers(ImageLoader::LinkContext const&, ImageLoader::InitializerTimingList&) (in /usr/lib/dyld)
==43817==    by 0x100012661: dyld::initializeMainExecutable() (in /usr/lib/dyld)
==43817== 
==43817== 128 bytes in 1 blocks are definitely lost in loss record 24 of 40
==43817==    at 0x100124BA0: calloc (in /System/Volumes/Data/sgoinfre/goinfre/Perso/nimai/homebrew/Cellar/valgrind/HEAD-4233f2e/libexec/valgrind/vgpreload_memcheck-amd64-darwin.so)
==43817==    by 0x1006EB667: objc_msgSend_stret (in /usr/lib/libobjc.A.dylib)
==43817==    by 0x100243FEC: _os_object_alloc_realized (in /usr/lib/system/libdispatch.dylib)
==43817==    by 0x100248BC5: _dispatch_lane_create_with_target (in /usr/lib/system/libdispatch.dylib)
==43817==    by 0x10064B5F5: _libtrace_init (in /usr/lib/system/libsystem_trace.dylib)
==43817==    by 0x1001337B0: libSystem_initializer (in /usr/lib/libSystem.B.dylib)
==43817==    by 0x10002B352: ImageLoaderMachO::doModInitFunctions(ImageLoader::LinkContext const&) (in /usr/lib/dyld)
==43817==    by 0x10002B75D: ImageLoaderMachO::doInitialization(ImageLoader::LinkContext const&) (in /usr/lib/dyld)
==43817==    by 0x10002617A: ImageLoader::recursiveInitialization(ImageLoader::LinkContext const&, unsigned int, char const*, ImageLoader::InitializerTimingList&, ImageLoader::UninitedUpwards&) (in /usr/lib/dyld)
==43817==    by 0x1000260E5: ImageLoader::recursiveInitialization(ImageLoader::LinkContext const&, unsigned int, char const*, ImageLoader::InitializerTimingList&, ImageLoader::UninitedUpwards&) (in /usr/lib/dyld)
==43817==    by 0x100024233: ImageLoader::processInitializers(ImageLoader::LinkContext const&, unsigned int, ImageLoader::InitializerTimingList&, ImageLoader::UninitedUpwards&) (in /usr/lib/dyld)
==43817==    by 0x1000242D3: ImageLoader::runInitializers(ImageLoader::LinkContext const&, ImageLoader::InitializerTimingList&) (in /usr/lib/dyld)
==43817== 
==43817== 274 bytes in 6 blocks are indirectly lost in loss record 27 of 40
==43817==    at 0x100124545: malloc (in /System/Volumes/Data/sgoinfre/goinfre/Perso/nimai/homebrew/Cellar/valgrind/HEAD-4233f2e/libexec/valgrind/vgpreload_memcheck-amd64-darwin.so)
==43817==    by 0x1003D8CE5: strdup (in /usr/lib/system/libsystem_c.dylib)
==43817==    by 0x10068385D: xpc_string_create (in /usr/lib/system/libxpc.dylib)
==43817==    by 0x10068382F: xpc_dictionary_set_string (in /usr/lib/system/libxpc.dylib)
==43817==    by 0x100683685: _xpc_collect_environment (in /usr/lib/system/libxpc.dylib)
==43817==    by 0x100683292: _libxpc_initializer (in /usr/lib/system/libxpc.dylib)
==43817==    by 0x1001337A0: libSystem_initializer (in /usr/lib/libSystem.B.dylib)
==43817==    by 0x10002B352: ImageLoaderMachO::doModInitFunctions(ImageLoader::LinkContext const&) (in /usr/lib/dyld)
==43817==    by 0x10002B75D: ImageLoaderMachO::doInitialization(ImageLoader::LinkContext const&) (in /usr/lib/dyld)
==43817==    by 0x10002617A: ImageLoader::recursiveInitialization(ImageLoader::LinkContext const&, unsigned int, char const*, ImageLoader::InitializerTimingList&, ImageLoader::UninitedUpwards&) (in /usr/lib/dyld)
==43817==    by 0x1000260E5: ImageLoader::recursiveInitialization(ImageLoader::LinkContext const&, unsigned int, char const*, ImageLoader::InitializerTimingList&, ImageLoader::UninitedUpwards&) (in /usr/lib/dyld)
==43817==    by 0x100024233: ImageLoader::processInitializers(ImageLoader::LinkContext const&, unsigned int, ImageLoader::InitializerTimingList&, ImageLoader::UninitedUpwards&) (in /usr/lib/dyld)
==43817== 
==43817== 288 bytes in 6 blocks are indirectly lost in loss record 28 of 40
==43817==    at 0x100124BA0: calloc (in /System/Volumes/Data/sgoinfre/goinfre/Perso/nimai/homebrew/Cellar/valgrind/HEAD-4233f2e/libexec/valgrind/vgpreload_memcheck-amd64-darwin.so)
==43817==    by 0x1006EB667: objc_msgSend_stret (in /usr/lib/libobjc.A.dylib)
==43817==    by 0x100243FEC: _os_object_alloc_realized (in /usr/lib/system/libdispatch.dylib)
==43817==    by 0x10069FD06: _xpc_string_create (in /usr/lib/system/libxpc.dylib)
==43817==    by 0x10068382F: xpc_dictionary_set_string (in /usr/lib/system/libxpc.dylib)
==43817==    by 0x100683685: _xpc_collect_environment (in /usr/lib/system/libxpc.dylib)
==43817==    by 0x100683292: _libxpc_initializer (in /usr/lib/system/libxpc.dylib)
==43817==    by 0x1001337A0: libSystem_initializer (in /usr/lib/libSystem.B.dylib)
==43817==    by 0x10002B352: ImageLoaderMachO::doModInitFunctions(ImageLoader::LinkContext const&) (in /usr/lib/dyld)
==43817==    by 0x10002B75D: ImageLoaderMachO::doInitialization(ImageLoader::LinkContext const&) (in /usr/lib/dyld)
==43817==    by 0x10002617A: ImageLoader::recursiveInitialization(ImageLoader::LinkContext const&, unsigned int, char const*, ImageLoader::InitializerTimingList&, ImageLoader::UninitedUpwards&) (in /usr/lib/dyld)
==43817==    by 0x1000260E5: ImageLoader::recursiveInitialization(ImageLoader::LinkContext const&, unsigned int, char const*, ImageLoader::InitializerTimingList&, ImageLoader::UninitedUpwards&) (in /usr/lib/dyld)
==43817== 
==43817== 300 bytes in 6 blocks are indirectly lost in loss record 29 of 40
==43817==    at 0x100124545: malloc (in /System/Volumes/Data/sgoinfre/goinfre/Perso/nimai/homebrew/Cellar/valgrind/HEAD-4233f2e/libexec/valgrind/vgpreload_memcheck-amd64-darwin.so)
==43817==    by 0x100683C06: _xpc_malloc (in /usr/lib/system/libxpc.dylib)
==43817==    by 0x100683AE1: _xpc_dictionary_insert (in /usr/lib/system/libxpc.dylib)
==43817==    by 0x100683840: xpc_dictionary_set_string (in /usr/lib/system/libxpc.dylib)
==43817==    by 0x100683685: _xpc_collect_environment (in /usr/lib/system/libxpc.dylib)
==43817==    by 0x100683292: _libxpc_initializer (in /usr/lib/system/libxpc.dylib)
==43817==    by 0x1001337A0: libSystem_initializer (in /usr/lib/libSystem.B.dylib)
==43817==    by 0x10002B352: ImageLoaderMachO::doModInitFunctions(ImageLoader::LinkContext const&) (in /usr/lib/dyld)
==43817==    by 0x10002B75D: ImageLoaderMachO::doInitialization(ImageLoader::LinkContext const&) (in /usr/lib/dyld)
==43817==    by 0x10002617A: ImageLoader::recursiveInitialization(ImageLoader::LinkContext const&, unsigned int, char const*, ImageLoader::InitializerTimingList&, ImageLoader::UninitedUpwards&) (in /usr/lib/dyld)
==43817==    by 0x1000260E5: ImageLoader::recursiveInitialization(ImageLoader::LinkContext const&, unsigned int, char const*, ImageLoader::InitializerTimingList&, ImageLoader::UninitedUpwards&) (in /usr/lib/dyld)
==43817==    by 0x100024233: ImageLoader::processInitializers(ImageLoader::LinkContext const&, unsigned int, ImageLoader::InitializerTimingList&, ImageLoader::UninitedUpwards&) (in /usr/lib/dyld)
==43817== 
==43817== 356 bytes in 2 blocks are indirectly lost in loss record 30 of 40
==43817==    at 0x100124545: malloc (in /System/Volumes/Data/sgoinfre/goinfre/Perso/nimai/homebrew/Cellar/valgrind/HEAD-4233f2e/libexec/valgrind/vgpreload_memcheck-amd64-darwin.so)
==43817==    by 0x100683C06: _xpc_malloc (in /usr/lib/system/libxpc.dylib)
==43817==    by 0x100683AE1: _xpc_dictionary_insert (in /usr/lib/system/libxpc.dylib)
==43817==    by 0x100683E87: _xpc_dyld_image_callback (in /usr/lib/system/libxpc.dylib)
==43817==    by 0x10001499C: dyld::registerBulkLoadCallback(void (*)(unsigned int, mach_header const**, char const**)) (in /usr/lib/dyld)
==43817==    by 0x100683D1A: _xpc_collect_images (in /usr/lib/system/libxpc.dylib)
==43817==    by 0x100683297: _libxpc_initializer (in /usr/lib/system/libxpc.dylib)
==43817==    by 0x1001337A0: libSystem_initializer (in /usr/lib/libSystem.B.dylib)
==43817==    by 0x10002B352: ImageLoaderMachO::doModInitFunctions(ImageLoader::LinkContext const&) (in /usr/lib/dyld)
==43817==    by 0x10002B75D: ImageLoaderMachO::doInitialization(ImageLoader::LinkContext const&) (in /usr/lib/dyld)
==43817==    by 0x10002617A: ImageLoader::recursiveInitialization(ImageLoader::LinkContext const&, unsigned int, char const*, ImageLoader::InitializerTimingList&, ImageLoader::UninitedUpwards&) (in /usr/lib/dyld)
==43817==    by 0x1000260E5: ImageLoader::recursiveInitialization(ImageLoader::LinkContext const&, unsigned int, char const*, ImageLoader::InitializerTimingList&, ImageLoader::UninitedUpwards&) (in /usr/lib/dyld)
==43817== 
==43817== 452 (96 direct, 356 indirect) bytes in 1 blocks are definitely lost in loss record 31 of 40
==43817==    at 0x100124BA0: calloc (in /System/Volumes/Data/sgoinfre/goinfre/Perso/nimai/homebrew/Cellar/valgrind/HEAD-4233f2e/libexec/valgrind/vgpreload_memcheck-amd64-darwin.so)
==43817==    by 0x1006EB667: objc_msgSend_stret (in /usr/lib/libobjc.A.dylib)
==43817==    by 0x100243FEC: _os_object_alloc_realized (in /usr/lib/system/libdispatch.dylib)
==43817==    by 0x1006837D7: xpc_dictionary_create (in /usr/lib/system/libxpc.dylib)
==43817==    by 0x100683E02: _xpc_dyld_image_callback (in /usr/lib/system/libxpc.dylib)
==43817==    by 0x10001499C: dyld::registerBulkLoadCallback(void (*)(unsigned int, mach_header const**, char const**)) (in /usr/lib/dyld)
==43817==    by 0x100683D1A: _xpc_collect_images (in /usr/lib/system/libxpc.dylib)
==43817==    by 0x100683297: _libxpc_initializer (in /usr/lib/system/libxpc.dylib)
==43817==    by 0x1001337A0: libSystem_initializer (in /usr/lib/libSystem.B.dylib)
==43817==    by 0x10002B352: ImageLoaderMachO::doModInitFunctions(ImageLoader::LinkContext const&) (in /usr/lib/dyld)
==43817==    by 0x10002B75D: ImageLoaderMachO::doInitialization(ImageLoader::LinkContext const&) (in /usr/lib/dyld)
==43817==    by 0x10002617A: ImageLoader::recursiveInitialization(ImageLoader::LinkContext const&, unsigned int, char const*, ImageLoader::InitializerTimingList&, ImageLoader::UninitedUpwards&) (in /usr/lib/dyld)
==43817== 
==43817== 896 bytes in 28 blocks are definitely lost in loss record 34 of 40
==43817==    at 0x100124BA0: calloc (in /System/Volumes/Data/sgoinfre/goinfre/Perso/nimai/homebrew/Cellar/valgrind/HEAD-4233f2e/libexec/valgrind/vgpreload_memcheck-amd64-darwin.so)
==43817==    by 0x1006FC5F3: objc::DenseMap<objc_class*, objc_class*, objc::DenseMapValueInfo<objc_class*>, objc::DenseMapInfo<objc_class*>, objc::detail::DenseMapPair<objc_class*, objc_class*> >::grow(unsigned int) (in /usr/lib/libobjc.A.dylib)
==43817==    by 0x1006E8406: objc_opt::objc_stringhash_t::getIndex(char const*) const (in /usr/lib/libobjc.A.dylib)
==43817==    by 0x1006F82D0: unmap_image (in /usr/lib/libobjc.A.dylib)
==43817==    by 0x100015667: dyld::notifyBatchPartial(dyld_image_states, bool, char const* (*)(dyld_image_states, unsigned int, dyld_image_info const*), bool, bool) (in /usr/lib/dyld)
==43817==    by 0x100015808: dyld::registerObjCNotifiers(void (*)(unsigned int, char const* const*, mach_header const* const*), void (*)(char const*, mach_header const*), void (*)(char const*, mach_header const*)) (in /usr/lib/dyld)
==43817==    by 0x1002C1AD0: _dyld_objc_notify_register (in /usr/lib/system/libdyld.dylib)
==43817==    by 0x1006E6DAF: map_images_nolock (in /usr/lib/libobjc.A.dylib)
==43817==    by 0x100243F38: _os_object_init (in /usr/lib/system/libdispatch.dylib)
==43817==    by 0x1002500E7: libdispatch_init (in /usr/lib/system/libdispatch.dylib)
==43817==    by 0x100133790: libSystem_initializer (in /usr/lib/libSystem.B.dylib)
==43817==    by 0x10002B352: ImageLoaderMachO::doModInitFunctions(ImageLoader::LinkContext const&) (in /usr/lib/dyld)
==43817== 
==43817== 896 bytes in 28 blocks are definitely lost in loss record 35 of 40
==43817==    at 0x100124BA0: calloc (in /System/Volumes/Data/sgoinfre/goinfre/Perso/nimai/homebrew/Cellar/valgrind/HEAD-4233f2e/libexec/valgrind/vgpreload_memcheck-amd64-darwin.so)
==43817==    by 0x1006FC5F3: objc::DenseMap<objc_class*, objc_class*, objc::DenseMapValueInfo<objc_class*>, objc::DenseMapInfo<objc_class*>, objc::detail::DenseMapPair<objc_class*, objc_class*> >::grow(unsigned int) (in /usr/lib/libobjc.A.dylib)
==43817==    by 0x1006FC6C6: objc_class::mangledName() (in /usr/lib/libobjc.A.dylib)
==43817==    by 0x1006E8406: objc_opt::objc_stringhash_t::getIndex(char const*) const (in /usr/lib/libobjc.A.dylib)
==43817==    by 0x1006F82D0: unmap_image (in /usr/lib/libobjc.A.dylib)
==43817==    by 0x100015667: dyld::notifyBatchPartial(dyld_image_states, bool, char const* (*)(dyld_image_states, unsigned int, dyld_image_info const*), bool, bool) (in /usr/lib/dyld)
==43817==    by 0x100015808: dyld::registerObjCNotifiers(void (*)(unsigned int, char const* const*, mach_header const* const*), void (*)(char const*, mach_header const*), void (*)(char const*, mach_header const*)) (in /usr/lib/dyld)
==43817==    by 0x1002C1AD0: _dyld_objc_notify_register (in /usr/lib/system/libdyld.dylib)
==43817==    by 0x1006E6DAF: map_images_nolock (in /usr/lib/libobjc.A.dylib)
==43817==    by 0x100243F38: _os_object_init (in /usr/lib/system/libdispatch.dylib)
==43817==    by 0x1002500E7: libdispatch_init (in /usr/lib/system/libdispatch.dylib)
==43817==    by 0x100133790: libSystem_initializer (in /usr/lib/libSystem.B.dylib)
==43817== 
==43817== 958 (96 direct, 862 indirect) bytes in 1 blocks are definitely lost in loss record 36 of 40
==43817==    at 0x100124BA0: calloc (in /System/Volumes/Data/sgoinfre/goinfre/Perso/nimai/homebrew/Cellar/valgrind/HEAD-4233f2e/libexec/valgrind/vgpreload_memcheck-amd64-darwin.so)
==43817==    by 0x1006EB667: objc_msgSend_stret (in /usr/lib/libobjc.A.dylib)
==43817==    by 0x100243FEC: _os_object_alloc_realized (in /usr/lib/system/libdispatch.dylib)
==43817==    by 0x1006837D7: xpc_dictionary_create (in /usr/lib/system/libxpc.dylib)
==43817==    by 0x100683659: _xpc_collect_environment (in /usr/lib/system/libxpc.dylib)
==43817==    by 0x100683292: _libxpc_initializer (in /usr/lib/system/libxpc.dylib)
==43817==    by 0x1001337A0: libSystem_initializer (in /usr/lib/libSystem.B.dylib)
==43817==    by 0x10002B352: ImageLoaderMachO::doModInitFunctions(ImageLoader::LinkContext const&) (in /usr/lib/dyld)
==43817==    by 0x10002B75D: ImageLoaderMachO::doInitialization(ImageLoader::LinkContext const&) (in /usr/lib/dyld)
==43817==    by 0x10002617A: ImageLoader::recursiveInitialization(ImageLoader::LinkContext const&, unsigned int, char const*, ImageLoader::InitializerTimingList&, ImageLoader::UninitedUpwards&) (in /usr/lib/dyld)
==43817==    by 0x1000260E5: ImageLoader::recursiveInitialization(ImageLoader::LinkContext const&, unsigned int, char const*, ImageLoader::InitializerTimingList&, ImageLoader::UninitedUpwards&) (in /usr/lib/dyld)
==43817==    by 0x100024233: ImageLoader::processInitializers(ImageLoader::LinkContext const&, unsigned int, ImageLoader::InitializerTimingList&, ImageLoader::UninitedUpwards&) (in /usr/lib/dyld)
==43817== 
==43817== LEAK SUMMARY:
==43817==    definitely lost: 2,192 bytes in 62 blocks
==43817==    indirectly lost: 1,282 bytes in 21 blocks
==43817==      possibly lost: 0 bytes in 0 blocks
==43817==    still reachable: 0 bytes in 0 blocks
==43817==         suppressed: 10,502 bytes in 78 blocks
==43817== 
==43817== For lists of detected and suppressed errors, rerun with: -s
==43817== ERROR SUMMARY: 8 errors from 8 contexts (suppressed: 7 from 7)
